Copyright 1986-2020 Xilinx, Inc. All Rights Reserved.
------------------------------------------------------------------------------------
| Tool Version : Vivado v.2020.2 (win64) Build 3064766 Wed Nov 18 09:12:45 MST 2020
| Date         : Wed Oct 12 14:58:05 2022
| Host         : LAPTOP-IBLAAAVM running 64-bit major release  (build 9200)
| Command      : report_control_sets -verbose -file main_control_sets_placed.rpt
| Design       : main
| Device       : xc7a35t
------------------------------------------------------------------------------------

Control Set Information

Table of Contents
-----------------
1. Summary
2. Histogram
3. Flip-Flop Distribution
4. Detailed Control Set Information

1. Summary
----------

+----------------------------------------------------------+-------+
|                          Status                          | Count |
+----------------------------------------------------------+-------+
| Total control sets                                       |     9 |
|    Minimum number of control sets                        |     9 |
|    Addition due to synthesis replication                 |     0 |
|    Addition due to physical synthesis replication        |     0 |
| Unused register locations in slices containing registers |    42 |
+----------------------------------------------------------+-------+
* Control sets can be merged at opt_design using control_set_merge or merge_equivalent_drivers
** Run report_qor_suggestions for automated merging and remapping suggestions


2. Histogram
------------

+--------------------+-------+
|       Fanout       | Count |
+--------------------+-------+
| Total control sets |     9 |
| >= 0 to < 4        |     3 |
| >= 4 to < 6        |     2 |
| >= 6 to < 8        |     0 |
| >= 8 to < 10       |     2 |
| >= 10 to < 12      |     1 |
| >= 12 to < 14      |     0 |
| >= 14 to < 16      |     0 |
| >= 16              |     1 |
+--------------------+-------+
* Control sets can be remapped at either synth_design or opt_design


3. Flip-Flop Distribution
-------------------------

+--------------+-----------------------+------------------------+-----------------+--------------+
| Clock Enable | Synchronous Set/Reset | Asynchronous Set/Reset | Total Registers | Total Slices |
+--------------+-----------------------+------------------------+-----------------+--------------+
| No           | No                    | No                     |              23 |           12 |
| No           | No                    | Yes                    |               0 |            0 |
| No           | Yes                   | No                     |              31 |           11 |
| Yes          | No                    | No                     |               0 |            0 |
| Yes          | No                    | Yes                    |               0 |            0 |
| Yes          | Yes                   | No                     |               0 |            0 |
+--------------+-----------------------+------------------------+-----------------+--------------+


4. Detailed Control Set Information
-----------------------------------

+-------------------+---------------+----------------------------+------------------+----------------+--------------+
|    Clock Signal   | Enable Signal |      Set/Reset Signal      | Slice Load Count | Bel Load Count | Bels / Slice |
+-------------------+---------------+----------------------------+------------------+----------------+--------------+
|  dec_reg[0]/G0    |               |                            |                1 |              1 |         1.00 |
|  dec_reg[2]/G0    |               |                            |                1 |              1 |         1.00 |
|  dec_reg[3]/G0    |               |                            |                1 |              1 |         1.00 |
|  Clk_IBUF_BUFG    |               |                            |                3 |              4 |         1.33 |
|  Clk_IBUF_BUFG    |               | cPWM/counter[3]_i_1__0_n_0 |                1 |              4 |         4.00 |
|  NC/Clk_out_reg_0 |               |                            |                3 |              8 |         2.67 |
|  cPWM/Clk_out     |               |                            |                3 |              8 |         2.67 |
|  Clk_IBUF_BUFG    |               | NC/counter[9]_i_1_n_0      |                5 |             10 |         2.00 |
|  Clk_IBUF_BUFG    |               | nolabel_line43/clear       |                5 |             17 |         3.40 |
+-------------------+---------------+----------------------------+------------------+----------------+--------------+


